[2025-Jul-09 21:11:58.415 +02:00][12842:12842][info ] Logging initialized
[2025-Jul-09 21:11:58.415 +02:00][12842:12842][info ] Initializing krisp SDK...
[2025-Jul-09 21:11:58.415 +02:00][12842:12842][info ] DoKrispInitialize
[2025-Jul-09 21:11:58.745 +02:00][12842:12842][info ] LoadDynamicKrisp
[2025-Jul-09 21:11:58.745 +02:00][12842:12842][info ] Did not find KRISP_DYLIB_PATH, skipping dynamic loading
[2025-Jul-09 21:11:58.745 +02:00][12842:12842][info ] Initializing Krisp SDK in PID 12842, addr 0x7f391498d8e0
[2025-Jul-09 21:11:58.917 +02:00][12842:12842][info ] Initialized Krisp SDK successfully
[2025-Jul-09 21:11:58.917 +02:00][12842:12842][info ] Krisp SDK initialized
[2025-Jul-09 21:12:17.112 +02:00][12842:12842][info ] KrispNCSetModel: model = 
[2025-Jul-10 22:12:37.779 +02:00][27680:27680][info ] Logging initialized
[2025-Jul-10 22:12:37.779 +02:00][27680:27680][info ] Initializing krisp SDK...
[2025-Jul-10 22:12:37.779 +02:00][27680:27680][info ] DoKrispInitialize
[2025-Jul-10 22:12:38.083 +02:00][27680:27680][info ] LoadDynamicKrisp
[2025-Jul-10 22:12:38.083 +02:00][27680:27680][info ] Did not find KRISP_DYLIB_PATH, skipping dynamic loading
[2025-Jul-10 22:12:38.083 +02:00][27680:27680][info ] Initializing Krisp SDK in PID 27680, addr 0x7f35bed8d8e0
[2025-Jul-10 22:12:38.252 +02:00][27680:27680][info ] Initialized Krisp SDK successfully
[2025-Jul-10 22:12:38.252 +02:00][27680:27680][info ] Krisp SDK initialized
[2025-Jul-10 22:15:01.479 +02:00][27680:27680][info ] KrispNCSetModel: model = 
[2025-Jul-10 22:24:24.406 +02:00][27680:27707][info ] KrispNCSetup: sampleRate = 48000, duration = 10
[2025-Jul-10 22:24:24.406 +02:00][27680:27707][info ] Setting Krisp model: full_NC
[2025-Jul-10 22:24:24.430 +02:00][27680:27707][info ] KrispVADSetup: sampleRate = 48000, duration = 10
[2025-Jul-11 12:02:19.972 +02:00][144815:144815][info ] Logging initialized
[2025-Jul-11 12:02:19.972 +02:00][144815:144815][info ] Initializing krisp SDK...
[2025-Jul-11 12:02:19.972 +02:00][144815:144815][info ] DoKrispInitialize
[2025-Jul-11 12:02:20.296 +02:00][144815:144815][info ] LoadDynamicKrisp
[2025-Jul-11 12:02:20.296 +02:00][144815:144815][info ] Did not find KRISP_DYLIB_PATH, skipping dynamic loading
[2025-Jul-11 12:02:20.296 +02:00][144815:144815][info ] Initializing Krisp SDK in PID 144815, addr 0x7f8ce898d8e0
[2025-Jul-11 12:02:20.468 +02:00][144815:144815][info ] Initialized Krisp SDK successfully
[2025-Jul-11 12:02:20.468 +02:00][144815:144815][info ] Krisp SDK initialized
[2025-Jul-11 12:02:22.205 +02:00][144815:144815][info ] Logging initialized
[2025-Jul-11 12:02:22.205 +02:00][144815:144815][info ] Initializing krisp SDK...
[2025-Jul-11 12:02:22.205 +02:00][144815:144815][info ] Krisp SDK initialized
[2025-Jul-11 12:02:28.401 +02:00][144815:144815][info ] KrispNCSetModel: model = 
[2025-Jul-11 14:14:41.345 +02:00][ 2156: 2156][info ] Logging initialized
[2025-Jul-11 14:14:41.345 +02:00][ 2156: 2156][info ] Initializing krisp SDK...
[2025-Jul-11 14:14:41.345 +02:00][ 2156: 2156][info ] DoKrispInitialize
[2025-Jul-11 14:14:41.641 +02:00][ 2156: 2156][info ] LoadDynamicKrisp
[2025-Jul-11 14:14:41.641 +02:00][ 2156: 2156][info ] Did not find KRISP_DYLIB_PATH, skipping dynamic loading
[2025-Jul-11 14:14:41.641 +02:00][ 2156: 2156][info ] Initializing Krisp SDK in PID 2156, addr 0x7fa8e318d8e0
[2025-Jul-11 14:14:41.808 +02:00][ 2156: 2156][info ] Initialized Krisp SDK successfully
[2025-Jul-11 14:14:41.808 +02:00][ 2156: 2156][info ] Krisp SDK initialized
[2025-Jul-11 14:14:46.611 +02:00][ 2156: 2156][info ] KrispNCSetModel: model = 
[2025-Jul-11 14:54:41.011 +02:00][ 2156: 2156][info ] KrispNCSetModel: model = 
[2025-Jul-11 15:30:44.631 +02:00][ 2156: 2156][info ] KrispNCSetModel: model = 
[2025-Jul-11 16:20:21.000 +02:00][ 2156: 2156][info ] KrispNCSetModel: model = 
[2025-Jul-11 16:44:50.112 +02:00][ 2156: 2156][info ] KrispNCSetModel: model = 
[2025-Jul-11 18:35:24.614 +02:00][ 2156: 2156][info ] KrispNCSetModel: model = 
[2025-Jul-11 18:44:33.639 +02:00][ 2156: 2156][info ] KrispNCSetModel: model = 
[2025-Jul-11 22:02:11.462 +02:00][ 2156: 2156][info ] KrispNCSetModel: model = 
[2025-Jul-12 01:14:27.243 +02:00][ 2156: 2156][info ] KrispNCSetModel: model = 
[2025-Jul-13 11:20:46.316 +02:00][256428:256428][info ] Logging initialized
[2025-Jul-13 11:20:46.316 +02:00][256428:256428][info ] Initializing krisp SDK...
[2025-Jul-13 11:20:46.316 +02:00][256428:256428][info ] DoKrispInitialize
[2025-Jul-13 11:20:46.623 +02:00][256428:256428][info ] LoadDynamicKrisp
[2025-Jul-13 11:20:46.623 +02:00][256428:256428][info ] Did not find KRISP_DYLIB_PATH, skipping dynamic loading
[2025-Jul-13 11:20:46.623 +02:00][256428:256428][info ] Initializing Krisp SDK in PID 256428, addr 0x7fbafeb8d8e0
[2025-Jul-13 11:20:46.791 +02:00][256428:256428][info ] Initialized Krisp SDK successfully
[2025-Jul-13 11:20:46.791 +02:00][256428:256428][info ] Krisp SDK initialized
[2025-Jul-13 11:20:51.984 +02:00][256428:256428][info ] KrispNCSetModel: model = 
[2025-Jul-13 12:39:33.247 +02:00][306110:306110][info ] Logging initialized
[2025-Jul-13 12:39:33.247 +02:00][306110:306110][info ] Initializing krisp SDK...
[2025-Jul-13 12:39:33.247 +02:00][306110:306110][info ] DoKrispInitialize
[2025-Jul-13 12:39:33.556 +02:00][306110:306110][info ] LoadDynamicKrisp
[2025-Jul-13 12:39:33.556 +02:00][306110:306110][info ] Did not find KRISP_DYLIB_PATH, skipping dynamic loading
[2025-Jul-13 12:39:33.556 +02:00][306110:306110][info ] Initializing Krisp SDK in PID 306110, addr 0x7f4c3638d8e0
[2025-Jul-13 12:39:33.725 +02:00][306110:306110][info ] Initialized Krisp SDK successfully
[2025-Jul-13 12:39:33.725 +02:00][306110:306110][info ] Krisp SDK initialized
[2025-Jul-13 12:39:38.685 +02:00][306110:306110][info ] KrispNCSetModel: model = 
[2025-Jul-13 14:00:43.956 +02:00][306110:306110][info ] KrispNCSetModel: model = 
[2025-Jul-13 15:18:00.664 +02:00][306110:306110][info ] KrispNCSetModel: model = 
[2025-Jul-13 17:05:38.935 +02:00][306110:306110][info ] KrispNCSetModel: model = 
[2025-Jul-13 17:40:40.845 +02:00][306110:306110][info ] KrispNCSetModel: model = 
[2025-Jul-13 20:12:25.552 +02:00][306110:306110][info ] KrispNCSetModel: model = 
[2025-Jul-14 11:27:55.803 +02:00][306110:306110][info ] KrispNCSetModel: model = 
[2025-Jul-14 11:44:59.314 +02:00][306110:306110][info ] KrispNCSetModel: model = 
[2025-Jul-14 21:46:37.294 +02:00][306110:306110][info ] KrispNCSetModel: model = 
[2025-Jul-14 22:01:28.627 +02:00][306110:306110][info ] KrispNCSetModel: model = 
[2025-Jul-14 22:52:18.387 +02:00][306110:306110][info ] KrispNCSetModel: model = 
[2025-Jul-16 11:54:42.588 +02:00][1108158:1108158][info ] Logging initialized
[2025-Jul-16 11:54:42.588 +02:00][1108158:1108158][info ] Initializing krisp SDK...
[2025-Jul-16 11:54:42.588 +02:00][1108158:1108158][info ] DoKrispInitialize
[2025-Jul-16 11:54:42.889 +02:00][1108158:1108158][info ] LoadDynamicKrisp
[2025-Jul-16 11:54:42.889 +02:00][1108158:1108158][info ] Did not find KRISP_DYLIB_PATH, skipping dynamic loading
[2025-Jul-16 11:54:42.889 +02:00][1108158:1108158][info ] Initializing Krisp SDK in PID 1108158, addr 0x7fc5bcf8dc20
[2025-Jul-16 11:54:43.057 +02:00][1108158:1108158][info ] Initialized Krisp SDK successfully
[2025-Jul-16 11:54:43.057 +02:00][1108158:1108158][info ] Krisp SDK initialized
[2025-Jul-16 11:54:45.269 +02:00][1108158:1108158][info ] KrispNCSetModel: model = 
[2025-Jul-16 13:51:35.797 +02:00][1108158:1108158][info ] KrispNCSetModel: model = 
[2025-Jul-16 15:05:56.833 +02:00][1108158:1108158][info ] KrispNCSetModel: model = 
[2025-Jul-16 19:42:27.947 +02:00][ 5469: 5469][info ] Logging initialized
[2025-Jul-16 19:42:27.947 +02:00][ 5469: 5469][info ] Initializing krisp SDK...
[2025-Jul-16 19:42:27.947 +02:00][ 5469: 5469][info ] DoKrispInitialize
[2025-Jul-16 19:42:28.334 +02:00][ 5469: 5469][info ] LoadDynamicKrisp
[2025-Jul-16 19:42:28.335 +02:00][ 5469: 5469][info ] Did not find KRISP_DYLIB_PATH, skipping dynamic loading
[2025-Jul-16 19:42:28.335 +02:00][ 5469: 5469][info ] Initializing Krisp SDK in PID 5469, addr 0x7f60a958dc20
[2025-Jul-16 19:42:28.550 +02:00][ 5469: 5469][info ] Initialized Krisp SDK successfully
[2025-Jul-16 19:42:28.550 +02:00][ 5469: 5469][info ] Krisp SDK initialized
[2025-Jul-16 19:42:34.649 +02:00][ 5469: 5469][info ] KrispNCSetModel: model = 
[2025-Jul-16 20:23:41.593 +02:00][ 5469: 5469][info ] KrispNCSetModel: model = 
[2025-Jul-17 00:01:31.737 +02:00][ 5469: 5469][info ] KrispNCSetModel: model = 
[2025-Jul-17 16:08:13.151 +02:00][ 5469: 5469][info ] KrispNCSetModel: model = 
[2025-Jul-17 20:31:14.025 +02:00][ 5469: 5469][info ] KrispNCSetModel: model = 
[2025-Jul-18 11:21:31.461 +02:00][ 5469: 5469][info ] KrispNCSetModel: model = 
[2025-Jul-18 15:20:23.970 +02:00][ 5469: 5469][info ] KrispNCSetModel: model = 
[2025-Jul-18 17:48:53.762 +02:00][ 5469: 5469][info ] KrispNCSetModel: model = 
[2025-Jul-19 00:14:34.290 +02:00][ 5469: 5469][info ] KrispNCSetModel: model = 
[2025-Jul-19 02:29:11.627 +02:00][ 5469: 5469][info ] KrispNCSetModel: model = 
[2025-Jul-19 11:31:12.902 +02:00][ 5469: 5469][info ] KrispNCSetModel: model = 
[2025-Jul-19 16:01:55.361 +02:00][ 5469: 5469][info ] KrispNCSetModel: model = 
[2025-Jul-19 22:19:41.842 +02:00][ 5469: 5469][info ] KrispNCSetModel: model = 
[2025-Jul-21 23:00:07.814 +02:00][2074495:2074495][info ] Logging initialized
[2025-Jul-21 23:00:07.814 +02:00][2074495:2074495][info ] Initializing krisp SDK...
[2025-Jul-21 23:00:07.814 +02:00][2074495:2074495][info ] DoKrispInitialize
[2025-Jul-21 23:00:08.163 +02:00][2074495:2074495][info ] LoadDynamicKrisp
[2025-Jul-21 23:00:08.163 +02:00][2074495:2074495][info ] Did not find KRISP_DYLIB_PATH, skipping dynamic loading
[2025-Jul-21 23:00:08.163 +02:00][2074495:2074495][info ] Initializing Krisp SDK in PID 2074495, addr 0x7fa57718dc20
[2025-Jul-21 23:00:08.338 +02:00][2074495:2074495][info ] Initialized Krisp SDK successfully
[2025-Jul-21 23:00:08.338 +02:00][2074495:2074495][info ] Krisp SDK initialized
[2025-Jul-21 23:00:14.116 +02:00][2074495:2074495][info ] KrispNCSetModel: model = 
[2025-Jul-22 01:54:23.125 +02:00][2074495:2074495][info ] KrispNCSetModel: model = 
[2025-Jul-22 16:42:51.023 +02:00][2401220:2401220][info ] Logging initialized
[2025-Jul-22 16:42:51.023 +02:00][2401220:2401220][info ] Initializing krisp SDK...
[2025-Jul-22 16:42:51.023 +02:00][2401220:2401220][info ] DoKrispInitialize
[2025-Jul-22 16:42:51.396 +02:00][2401220:2401220][info ] LoadDynamicKrisp
[2025-Jul-22 16:42:51.396 +02:00][2401220:2401220][info ] Did not find KRISP_DYLIB_PATH, skipping dynamic loading
[2025-Jul-22 16:42:51.397 +02:00][2401220:2401220][info ] Initializing Krisp SDK in PID 2401220, addr 0x7f320238dc20
[2025-Jul-22 16:42:51.568 +02:00][2401220:2401220][info ] Initialized Krisp SDK successfully
[2025-Jul-22 16:42:51.568 +02:00][2401220:2401220][info ] Krisp SDK initialized
[2025-Jul-22 16:42:56.519 +02:00][2401220:2401220][info ] KrispNCSetModel: model = 
[2025-Jul-22 19:47:08.361 +02:00][2401220:2401220][info ] KrispNCSetModel: model = 
[2025-Jul-22 21:00:36.370 +02:00][2401220:2401220][info ] KrispNCSetModel: model = 
[2025-Jul-22 21:41:42.658 +02:00][2401220:2401220][info ] KrispNCSetModel: model = 
[2025-Jul-22 22:07:33.592 +02:00][2401220:2401220][info ] KrispNCSetModel: model = 
[2025-Jul-23 09:52:01.005 +02:00][2401220:2401220][info ] KrispNCSetModel: model = 
[2025-Jul-23 11:32:07.896 +02:00][2401220:2401220][info ] KrispNCSetModel: model = 
[2025-Jul-23 20:37:02.309 +02:00][2791012:2791012][info ] Logging initialized
[2025-Jul-23 20:37:02.309 +02:00][2791012:2791012][info ] Initializing krisp SDK...
[2025-Jul-23 20:37:02.309 +02:00][2791012:2791012][info ] DoKrispInitialize
[2025-Jul-23 20:37:02.703 +02:00][2791012:2791012][info ] LoadDynamicKrisp
[2025-Jul-23 20:37:02.703 +02:00][2791012:2791012][info ] Did not find KRISP_DYLIB_PATH, skipping dynamic loading
[2025-Jul-23 20:37:02.703 +02:00][2791012:2791012][info ] Initializing Krisp SDK in PID 2791012, addr 0x7f1b4278dc20
[2025-Jul-23 20:37:02.876 +02:00][2791012:2791012][info ] Initialized Krisp SDK successfully
[2025-Jul-23 20:37:02.876 +02:00][2791012:2791012][info ] Krisp SDK initialized
[2025-Jul-23 20:37:07.788 +02:00][2791012:2791012][info ] KrispNCSetModel: model = 
[2025-Jul-24 19:54:29.145 +02:00][3327067:3327067][info ] Logging initialized
[2025-Jul-24 19:54:29.145 +02:00][3327067:3327067][info ] Initializing krisp SDK...
[2025-Jul-24 19:54:29.145 +02:00][3327067:3327067][info ] DoKrispInitialize
[2025-Jul-24 19:54:29.717 +02:00][3327067:3327067][info ] LoadDynamicKrisp
[2025-Jul-24 19:54:29.717 +02:00][3327067:3327067][info ] Did not find KRISP_DYLIB_PATH, skipping dynamic loading
[2025-Jul-24 19:54:29.717 +02:00][3327067:3327067][info ] Initializing Krisp SDK in PID 3327067, addr 0x7ff498b8dc20
[2025-Jul-24 19:54:30.021 +02:00][3327067:3327067][info ] Initialized Krisp SDK successfully
[2025-Jul-24 19:54:30.021 +02:00][3327067:3327067][info ] Krisp SDK initialized
[2025-Jul-29 14:02:42.042 +02:00][584184:584184][info ] Logging initialized
[2025-Jul-29 14:02:42.042 +02:00][584184:584184][info ] Initializing krisp SDK...
[2025-Jul-29 14:02:42.042 +02:00][584184:584184][info ] DoKrispInitialize
[2025-Jul-29 14:02:42.335 +02:00][584184:584184][info ] LoadDynamicKrisp
[2025-Jul-29 14:02:42.335 +02:00][584184:584184][info ] Did not find KRISP_DYLIB_PATH, skipping dynamic loading
[2025-Jul-29 14:02:42.335 +02:00][584184:584184][info ] Initializing Krisp SDK in PID 584184, addr 0x7f2156ff9a00
[2025-Jul-29 14:02:42.335 +02:00][584184:584184][info ] Initialized Krisp SDK successfully
[2025-Jul-29 14:02:42.335 +02:00][584184:584184][info ] Krisp SDK initialized
[2025-Jul-31 19:47:03.305 +02:00][136918:136918][info ] Logging initialized
[2025-Jul-31 19:47:03.305 +02:00][136918:136918][info ] Initializing krisp SDK...
[2025-Jul-31 19:47:03.305 +02:00][136918:136918][info ] DoKrispInitialize
[2025-Jul-31 19:47:03.610 +02:00][136918:136918][info ] LoadDynamicKrisp
[2025-Jul-31 19:47:03.610 +02:00][136918:136918][info ] Did not find KRISP_DYLIB_PATH, skipping dynamic loading
[2025-Jul-31 19:47:03.610 +02:00][136918:136918][info ] Initializing Krisp SDK in PID 136918, addr 0x7f919f4e9a00
[2025-Jul-31 19:47:03.611 +02:00][136918:136918][info ] Initialized Krisp SDK successfully
[2025-Jul-31 19:47:03.611 +02:00][136918:136918][info ] Krisp SDK initialized
[2025-Jul-31 21:27:41.910 +02:00][85432:85432][info ] Logging initialized
[2025-Jul-31 21:27:41.910 +02:00][85432:85432][info ] Initializing krisp SDK...
[2025-Jul-31 21:27:41.910 +02:00][85432:85432][info ] DoKrispInitialize
[2025-Jul-31 21:27:42.215 +02:00][85432:85432][info ] LoadDynamicKrisp
[2025-Jul-31 21:27:42.215 +02:00][85432:85432][info ] Did not find KRISP_DYLIB_PATH, skipping dynamic loading
[2025-Jul-31 21:27:42.215 +02:00][85432:85432][info ] Initializing Krisp SDK in PID 85432, addr 0x7fbad1719a00
[2025-Jul-31 21:27:42.216 +02:00][85432:85432][info ] Initialized Krisp SDK successfully
[2025-Jul-31 21:27:42.216 +02:00][85432:85432][info ] Krisp SDK initialized
[2025-Aug-02 13:35:17.905 +02:00][1171689:1171689][info ] Logging initialized
[2025-Aug-02 13:35:17.905 +02:00][1171689:1171689][info ] Initializing krisp SDK...
[2025-Aug-02 13:35:17.905 +02:00][1171689:1171689][info ] DoKrispInitialize
[2025-Aug-02 13:35:18.244 +02:00][1171689:1171689][info ] LoadDynamicKrisp
[2025-Aug-02 13:35:18.244 +02:00][1171689:1171689][info ] Did not find KRISP_DYLIB_PATH, skipping dynamic loading
[2025-Aug-02 13:35:18.244 +02:00][1171689:1171689][info ] Initializing Krisp SDK in PID 1171689, addr 0x7fbf3dc19a00
[2025-Aug-02 13:35:18.244 +02:00][1171689:1171689][info ] Initialized Krisp SDK successfully
[2025-Aug-02 13:35:18.244 +02:00][1171689:1171689][info ] Krisp SDK initialized
[2025-Aug-03 21:59:00.857 +02:00][1632394:1632394][info ] Logging initialized
[2025-Aug-03 21:59:00.857 +02:00][1632394:1632394][info ] Initializing krisp SDK...
[2025-Aug-03 21:59:00.857 +02:00][1632394:1632394][info ] DoKrispInitialize
[2025-Aug-03 21:59:01.368 +02:00][1632394:1632394][info ] LoadDynamicKrisp
[2025-Aug-03 21:59:01.368 +02:00][1632394:1632394][info ] Did not find KRISP_DYLIB_PATH, skipping dynamic loading
[2025-Aug-03 21:59:01.368 +02:00][1632394:1632394][info ] Initializing Krisp SDK in PID 1632394, addr 0x7f7d11a59a00
[2025-Aug-03 21:59:01.368 +02:00][1632394:1632394][info ] Initialized Krisp SDK successfully
[2025-Aug-03 21:59:01.368 +02:00][1632394:1632394][info ] Krisp SDK initialized
[2025-Aug-04 13:59:58.505 +02:00][1833826:1833826][info ] Logging initialized
[2025-Aug-04 13:59:58.505 +02:00][1833826:1833826][info ] Initializing krisp SDK...
[2025-Aug-04 13:59:58.505 +02:00][1833826:1833826][info ] DoKrispInitialize
[2025-Aug-04 13:59:58.798 +02:00][1833826:1833826][info ] LoadDynamicKrisp
[2025-Aug-04 13:59:58.798 +02:00][1833826:1833826][info ] Did not find KRISP_DYLIB_PATH, skipping dynamic loading
[2025-Aug-04 13:59:58.798 +02:00][1833826:1833826][info ] Initializing Krisp SDK in PID 1833826, addr 0x7f570a459a00
[2025-Aug-04 13:59:58.798 +02:00][1833826:1833826][info ] Initialized Krisp SDK successfully
[2025-Aug-04 13:59:58.798 +02:00][1833826:1833826][info ] Krisp SDK initialized
[2025-Aug-05 11:53:11.091 +02:00][1988411:1988411][info ] Logging initialized
[2025-Aug-05 11:53:11.091 +02:00][1988411:1988411][info ] Initializing krisp SDK...
[2025-Aug-05 11:53:11.091 +02:00][1988411:1988411][info ] DoKrispInitialize
[2025-Aug-05 11:53:11.397 +02:00][1988411:1988411][info ] LoadDynamicKrisp
[2025-Aug-05 11:53:11.397 +02:00][1988411:1988411][info ] Did not find KRISP_DYLIB_PATH, skipping dynamic loading
[2025-Aug-05 11:53:11.397 +02:00][1988411:1988411][info ] Initializing Krisp SDK in PID 1988411, addr 0x7fc3ec7e9ab0
[2025-Aug-05 11:53:11.397 +02:00][1988411:1988411][info ] Initialized Krisp SDK successfully
[2025-Aug-05 11:53:11.397 +02:00][1988411:1988411][info ] Krisp SDK initialized
[2025-Aug-10 11:12:01.169 +02:00][2339420:2339420][info ] Logging initialized
[2025-Aug-10 11:12:01.169 +02:00][2339420:2339420][info ] Initializing krisp SDK...
[2025-Aug-10 11:12:01.169 +02:00][2339420:2339420][info ] DoKrispInitialize
[2025-Aug-10 11:12:01.479 +02:00][2339420:2339420][info ] LoadDynamicKrisp
[2025-Aug-10 11:12:01.479 +02:00][2339420:2339420][info ] Did not find KRISP_DYLIB_PATH, skipping dynamic loading
[2025-Aug-10 11:12:01.479 +02:00][2339420:2339420][info ] Initializing Krisp SDK in PID 2339420, addr 0x7f68ec209ab0
[2025-Aug-10 11:12:01.480 +02:00][2339420:2339420][info ] Initialized Krisp SDK successfully
[2025-Aug-10 11:12:01.480 +02:00][2339420:2339420][info ] Krisp SDK initialized
[2025-Aug-12 11:15:21.107 +02:00][2989642:2989642][info ] Logging initialized
[2025-Aug-12 11:15:21.107 +02:00][2989642:2989642][info ] Initializing krisp SDK...
[2025-Aug-12 11:15:21.107 +02:00][2989642:2989642][info ] DoKrispInitialize
[2025-Aug-12 11:15:21.438 +02:00][2989642:2989642][info ] LoadDynamicKrisp
[2025-Aug-12 11:15:21.438 +02:00][2989642:2989642][info ] Did not find KRISP_DYLIB_PATH, skipping dynamic loading
[2025-Aug-12 11:15:21.438 +02:00][2989642:2989642][info ] Initializing Krisp SDK in PID 2989642, addr 0x7fda1ba19ab0
[2025-Aug-12 11:15:21.438 +02:00][2989642:2989642][info ] Initialized Krisp SDK successfully
[2025-Aug-12 11:15:21.438 +02:00][2989642:2989642][info ] Krisp SDK initialized
[2025-Aug-14 17:25:01.898 +02:00][4169866:4169866][info ] Logging initialized
[2025-Aug-14 17:25:01.898 +02:00][4169866:4169866][info ] Initializing krisp SDK...
[2025-Aug-14 17:25:01.898 +02:00][4169866:4169866][info ] DoKrispInitialize
[2025-Aug-14 17:25:02.198 +02:00][4169866:4169866][info ] LoadDynamicKrisp
[2025-Aug-14 17:25:02.198 +02:00][4169866:4169866][info ] Did not find KRISP_DYLIB_PATH, skipping dynamic loading
[2025-Aug-14 17:25:02.198 +02:00][4169866:4169866][info ] Initializing Krisp SDK in PID 4169866, addr 0x7dcb6c719ab0
[2025-Aug-14 17:25:02.199 +02:00][4169866:4169866][info ] Initialized Krisp SDK successfully
[2025-Aug-14 17:25:02.199 +02:00][4169866:4169866][info ] Krisp SDK initialized
[2025-Aug-17 11:02:27.245 +02:00][1819416:1819416][info ] Logging initialized
[2025-Aug-17 11:02:27.245 +02:00][1819416:1819416][info ] Initializing krisp SDK...
[2025-Aug-17 11:02:27.245 +02:00][1819416:1819416][info ] DoKrispInitialize
[2025-Aug-17 11:02:27.549 +02:00][1819416:1819416][info ] LoadDynamicKrisp
[2025-Aug-17 11:02:27.549 +02:00][1819416:1819416][info ] Did not find KRISP_DYLIB_PATH, skipping dynamic loading
[2025-Aug-17 11:02:27.549 +02:00][1819416:1819416][info ] Initializing Krisp SDK in PID 1819416, addr 0x7fa75dc59ab0
[2025-Aug-17 11:02:27.550 +02:00][1819416:1819416][info ] Initialized Krisp SDK successfully
[2025-Aug-17 11:02:27.550 +02:00][1819416:1819416][info ] Krisp SDK initialized
[2025-Aug-20 19:53:05.020 +02:00][622542:622542][info ] Logging initialized
[2025-Aug-20 19:53:05.020 +02:00][622542:622542][info ] Initializing krisp SDK...
[2025-Aug-20 19:53:05.020 +02:00][622542:622542][info ] DoKrispInitialize
[2025-Aug-20 19:53:05.325 +02:00][622542:622542][info ] LoadDynamicKrisp
[2025-Aug-20 19:53:05.325 +02:00][622542:622542][info ] Did not find KRISP_DYLIB_PATH, skipping dynamic loading
[2025-Aug-20 19:53:05.325 +02:00][622542:622542][info ] Initializing Krisp SDK in PID 622542, addr 0x7f17d5724a50
[2025-Aug-20 19:53:05.325 +02:00][622542:622542][info ] Initialized Krisp SDK successfully
[2025-Aug-20 19:53:05.325 +02:00][622542:622542][info ] Krisp SDK initialized
[2025-Aug-22 14:34:37.665 +02:00][1436422:1436422][info ] Logging initialized
[2025-Aug-22 14:34:37.665 +02:00][1436422:1436422][info ] Initializing krisp SDK...
[2025-Aug-22 14:34:37.665 +02:00][1436422:1436422][info ] DoKrispInitialize
[2025-Aug-22 14:34:37.987 +02:00][1436422:1436422][info ] LoadDynamicKrisp
[2025-Aug-22 14:34:37.988 +02:00][1436422:1436422][info ] Did not find KRISP_DYLIB_PATH, skipping dynamic loading
[2025-Aug-22 14:34:37.988 +02:00][1436422:1436422][info ] Initializing Krisp SDK in PID 1436422, addr 0x7f15dbb24a50
[2025-Aug-22 14:34:37.988 +02:00][1436422:1436422][info ] Initialized Krisp SDK successfully
[2025-Aug-22 14:34:37.988 +02:00][1436422:1436422][info ] Krisp SDK initialized
[2025-Aug-23 11:42:27.445 +02:00][1436422:1436467][info ] KrispNCSetup: sampleRate = 48000, duration = 10
[2025-Aug-23 11:42:27.446 +02:00][1436422:1436467][info ] Setting Krisp model: full_NC
[2025-Aug-23 11:42:27.489 +02:00][1436422:1436467][info ] KrispVADSetup: sampleRate = 48000, duration = 10
[2025-Aug-23 11:58:23.421 +02:00][1715642:1715642][info ] Logging initialized
[2025-Aug-23 11:58:23.421 +02:00][1715642:1715642][info ] Initializing krisp SDK...
[2025-Aug-23 11:58:23.421 +02:00][1715642:1715642][info ] DoKrispInitialize
[2025-Aug-23 11:58:23.903 +02:00][1715642:1715642][info ] LoadDynamicKrisp
[2025-Aug-23 11:58:23.903 +02:00][1715642:1715642][info ] Did not find KRISP_DYLIB_PATH, skipping dynamic loading
[2025-Aug-23 11:58:23.903 +02:00][1715642:1715642][info ] Initializing Krisp SDK in PID 1715642, addr 0x7fac57324a50
[2025-Aug-23 11:58:23.903 +02:00][1715642:1715642][info ] Initialized Krisp SDK successfully
[2025-Aug-23 11:58:23.903 +02:00][1715642:1715642][info ] Krisp SDK initialized
[2025-Aug-23 11:58:33.721 +02:00][1715642:1715687][info ] KrispNCSetup: sampleRate = 48000, duration = 10
[2025-Aug-23 11:58:33.721 +02:00][1715642:1715687][info ] Setting Krisp model: full_NC
[2025-Aug-23 11:58:33.813 +02:00][1715642:1715687][info ] KrispVADSetup: sampleRate = 48000, duration = 10
[2025-Aug-23 12:09:23.228 +02:00][1727296:1727296][info ] Logging initialized
[2025-Aug-23 12:09:23.228 +02:00][1727296:1727296][info ] Initializing krisp SDK...
[2025-Aug-23 12:09:23.228 +02:00][1727296:1727296][info ] DoKrispInitialize
[2025-Aug-23 12:09:23.597 +02:00][1727296:1727296][info ] LoadDynamicKrisp
[2025-Aug-23 12:09:23.597 +02:00][1727296:1727296][info ] Did not find KRISP_DYLIB_PATH, skipping dynamic loading
[2025-Aug-23 12:09:23.597 +02:00][1727296:1727296][info ] Initializing Krisp SDK in PID 1727296, addr 0x7f0360324a50
[2025-Aug-23 12:09:23.598 +02:00][1727296:1727296][info ] Initialized Krisp SDK successfully
[2025-Aug-23 12:09:23.598 +02:00][1727296:1727296][info ] Krisp SDK initialized
[2025-Aug-25 11:47:08.591 +02:00][2993921:2993921][info ] Logging initialized
[2025-Aug-25 11:47:08.591 +02:00][2993921:2993921][info ] Initializing krisp SDK...
[2025-Aug-25 11:47:08.591 +02:00][2993921:2993921][info ] DoKrispInitialize
[2025-Aug-25 11:47:09.108 +02:00][2993921:2993921][info ] LoadDynamicKrisp
[2025-Aug-25 11:47:09.108 +02:00][2993921:2993921][info ] Did not find KRISP_DYLIB_PATH, skipping dynamic loading
[2025-Aug-25 11:47:09.108 +02:00][2993921:2993921][info ] Initializing Krisp SDK in PID 2993921, addr 0x7f7e97524a50
[2025-Aug-25 11:47:09.109 +02:00][2993921:2993921][info ] Initialized Krisp SDK successfully
[2025-Aug-25 11:47:09.109 +02:00][2993921:2993921][info ] Krisp SDK initialized
[2025-Aug-25 16:11:42.361 +02:00][3513352:3513352][info ] Logging initialized
[2025-Aug-25 16:11:42.361 +02:00][3513352:3513352][info ] Initializing krisp SDK...
[2025-Aug-25 16:11:42.361 +02:00][3513352:3513352][info ] DoKrispInitialize
[2025-Aug-25 16:11:42.950 +02:00][3513352:3513352][info ] LoadDynamicKrisp
[2025-Aug-25 16:11:42.950 +02:00][3513352:3513352][info ] Did not find KRISP_DYLIB_PATH, skipping dynamic loading
[2025-Aug-25 16:11:42.950 +02:00][3513352:3513352][info ] Initializing Krisp SDK in PID 3513352, addr 0x7f882b124a50
[2025-Aug-25 16:11:42.951 +02:00][3513352:3513352][info ] Initialized Krisp SDK successfully
[2025-Aug-25 16:11:42.951 +02:00][3513352:3513352][info ] Krisp SDK initialized
[2025-Aug-26 11:22:42.091 +02:00][ 6800: 6800][info ] Logging initialized
[2025-Aug-26 11:22:42.091 +02:00][ 6800: 6800][info ] Initializing krisp SDK...
[2025-Aug-26 11:22:42.091 +02:00][ 6800: 6800][info ] DoKrispInitialize
[2025-Aug-26 11:22:42.621 +02:00][ 6800: 6800][info ] LoadDynamicKrisp
[2025-Aug-26 11:22:42.621 +02:00][ 6800: 6800][info ] Did not find KRISP_DYLIB_PATH, skipping dynamic loading
[2025-Aug-26 11:22:42.621 +02:00][ 6800: 6800][info ] Initializing Krisp SDK in PID 6800, addr 0x7f3700b24a50
[2025-Aug-26 11:22:42.622 +02:00][ 6800: 6800][info ] Initialized Krisp SDK successfully
[2025-Aug-26 11:22:42.622 +02:00][ 6800: 6800][info ] Krisp SDK initialized
[2025-Aug-27 15:24:43.276 +02:00][2394379:2394379][info ] Logging initialized
[2025-Aug-27 15:24:43.276 +02:00][2394379:2394379][info ] Initializing krisp SDK...
[2025-Aug-27 15:24:43.276 +02:00][2394379:2394379][info ] DoKrispInitialize
[2025-Aug-27 15:24:43.778 +02:00][2394379:2394379][info ] LoadDynamicKrisp
[2025-Aug-27 15:24:43.778 +02:00][2394379:2394379][info ] Did not find KRISP_DYLIB_PATH, skipping dynamic loading
[2025-Aug-27 15:24:43.778 +02:00][2394379:2394379][info ] Initializing Krisp SDK in PID 2394379, addr 0x7fb117d24a50
[2025-Aug-27 15:24:43.779 +02:00][2394379:2394379][info ] Initialized Krisp SDK successfully
[2025-Aug-27 15:24:43.779 +02:00][2394379:2394379][info ] Krisp SDK initialized
